<?xml version="1.0" encoding="UTF-8"?>
<testsuite xmlns:xsi="http://www.w3.org/2001/XMLSchema-instance" xsi:noNamespaceSchemaLocation="https://maven.apache.org/surefire/maven-surefire-plugin/xsd/surefire-test-report-3.0.xsd" version="3.0" name="calculator.RunnerTest" time="0.496" tests="20" errors="0" skipped="16" failures="0">
  <properties>
[...]
</properties>
  <testcase name="Given Two input values, 1 and 2" classname="Scenario: add two numbers" time="0">
    <skipped/>
  </testcase>
  <testcase name="When I add the two values" classname="Scenario: add two numbers" time="0">
    <skipped/>
  </testcase>
  <testcase name="Then I expect the result 3" classname="Scenario: add two numbers" time="0">
    <skipped/>
  </testcase>
  <testcase name="" classname="Scenario: add two numbers" time="0">
    <skipped/>
  </testcase>
  <testcase name="" classname="Scenario: add two numbers" time="0.007"/>
  <testcase name="Given Two input values, 1 and 12" classname="| 1 | 12 | 13 |" time="0">
    <skipped/>
  </testcase>
  <testcase name="When I add the two values" classname="| 1 | 12 | 13 |" time="0">
    <skipped/>
  </testcase>
  <testcase name="Then I expect the result 13" classname="| 1 | 12 | 13 |" time="0">
    <skipped/>
  </testcase>
  <testcase name="" classname="| 1 | 12 | 13 |" time="0">
    <skipped/>
  </testcase>
  <testcase name="" classname="| 1 | 12 | 13 |" time="0"/>
  <testcase name="Given Two input values, -1 and 6" classname="| -1 | 6 | 5 |" time="0">
    <skipped/>
  </testcase>
  <testcase name="When I add the two values" classname="| -1 | 6 | 5 |" time="0">
    <skipped/>
  </testcase>
  <testcase name="Then I expect the result 5" classname="| -1 | 6 | 5 |" time="0">
    <skipped/>
  </testcase>
  <testcase name="" classname="| -1 | 6 | 5 |" time="0">
    <skipped/>
  </testcase>
  <testcase name="" classname="| -1 | 6 | 5 |" time="0"/>
  <testcase name="Given Two input values, 2 and 2" classname="| 2 | 2 | 4 |" time="0">
    <skipped/>
  </testcase>
  <testcase name="When I add the two values" classname="| 2 | 2 | 4 |" time="0">
    <skipped/>
  </testcase>
  <testcase name="Then I expect the result 4" classname="| 2 | 2 | 4 |" time="0">
    <skipped/>
  </testcase>
  <testcase name="" classname="| 2 | 2 | 4 |" time="0">
    <skipped/>
  </testcase>
  <testcase name="" classname="| 2 | 2 | 4 |" time="0.001"/>
</testsuite>